<?xml version="1.0" encoding="UTF-8"?>
<Site BuildName="Linux-g++"
	BuildStamp="20231103-1053-Experimental"
	Name="lahoo"
	Generator="ctest-3.25.1"
	CompilerName="/usr/bin/g++"
	CompilerVersion="12.3.0"
	OSName="Linux"
	Hostname="lahoo"
	OSRelease="6.2.0-36-generic"
	OSVersion="#37-Ubuntu SMP PREEMPT_DYNAMIC Wed Oct  4 10:14:28 UTC 2023"
	OSPlatform="x86_64"
	Is64Bits="1"
	VendorString="AuthenticAMD"
	VendorID="Advanced Micro Devices"
	FamilyID="25"
	ModelID="80"
	ProcessorCacheSize="512"
	NumberOfLogicalCPU="8"
	NumberOfPhysicalCPU="4"
	TotalVirtualMemory="9536"
	TotalPhysicalMemory="7236"
	LogicalProcessorsPerPhysical="2"
	ProcessorClockFrequency="3892.74"
	>
	<Testing>
		<StartDateTime>Nov 03 12:53 EET</StartDateTime>
		<StartTestTime>1699008795</StartTestTime>
		<TestList/>
		<EndDateTime>Nov 03 12:53 EET</EndDateTime>
		<EndTestTime>1699008795</EndTestTime>
		<ElapsedMinutes>0</ElapsedMinutes>
	</Testing>
</Site>
